放つ合金指輪『籠に篭る患者』+3  (0,2)を
入手した。

@01 517/12/7 h9 アイテム発見
ザ・トゥモロー セソニーは安全な洞窟にて
☆宵闇を纏いし合金兜『愛する世界』+4  [
15,15]を入手した。

@03 517/12/8 h19 クエストの達成
ハーベスト・ウィッチ ヨーディンはクエス
トを達成し、56の名声を手にした。

@01 517/12/9 h14 アイテム発見
秩序なき髑髏 モゼスは混沌の城《獣》にて
☆食用軽鎧『時には乙女』+1  [-6,-5]を入
手した。

@01 517/12/10 h2 アイテム発見
グロリアスソード サルコールはノースティ
リスにて☆気高き小盾『カルトスピア』 [0
,3]を入手した。

@03 517/12/10 h14 クエストの達成
秩序なき髑髏 モゼスはクエストを達成し、
13の名声を手にした。

@03 517/12/11 h15 クエストの達成
正義の癒し ワイレスはクエストを達成し、
29の名声を手にした。

@01 517/12/11 h15 アイテム発見
正義の癒し ワイレスは混沌の森にて☆ふざ
けた重層腰当『虎のようなはじまり』+2  [
4,0]を入手した。

@04 517/12/13 h18 引退
我は号泣 モナコードは自分の力の限界を悟
り、ノースティリスから去っていった。

@01 517/12/13 h23 アイテム発見
槍を振るう盗賊 ダイワードは安全な森にて
☆呪われた気高き散弾銃『闘争の恐怖』 (4
d9+2)(1)を入手した。

@01 517/12/15 h13 アイテム発見
レベリアスハイエロファント カザポンドは
ノースティリスにて☆祝福された食用手裏剣
『やばすぎる水晶』+7  (1d23)(-3)を入手し
た。

@01 517/12/16 h7 アイテム発見
冒険者のサッドネス オベームーははじまり
の孤独の洞窟にて☆艶やかなる丸型盾『敗北
の帝国』 [2,1]を入手した。

@03 517/12/16 h12 クエストの達成
人の節制 エドベアはクエストを達成し、48
の名声を手にした。

@01 517/12/17 h6 アイテム発見
拳の勝者 オゾファラはアクリ・テオラにて
☆全てを包む小盾『予言する泥棒』 [4,3]を
入手した。

@01 517/12/17 h11 アイテム発見
永遠に続く悠久 ソラタは勇者の孤独の盗賊
の砦にて☆艶やかなる羽帽子『流れ者の幻』
 [4,0]を入手した。

@01 517/12/18 h17 アイテム発見
災いを呼ぶ教官 スヤンは牢獄にて☆祝福さ
れた儚き棍棒『予言の教授』+1  (3d5)(6)を
入手した。

@01 517/12/18 h18 アイテム発見
ブラックエビル フレイヤははじまりの森に
て☆鉄塊と呼ばれる騎士兜『叫びすぎた旅人』
 [0,17]を入手した。

@03 517/12/19 h24 クエストの達成
ブラックエビル フレイヤはクエストを達成
し、248の名声を手にした。

@01 517/12/21 h24 アイテム発見
王子の物語 ノロノはプチの巣にて☆全てを
包む履物『ドラゴンフォーチュン』 [4,0]を
入手した。

@01 517/12/22 h5 アイテム発見
そして紅 オズボーははじまりの孤独の洞窟
にて☆重き短弓『うめけ錬金術師』+3  (3d
4+1)(3)を入手した。

@01 517/12/23 h16 アイテム発見
ボウ・オブ・フィア ログロンドは混沌の力
の塔にて☆鉄塊と呼ばれる機関銃『金をまと
いし武士』 (10d4)(14)を入手した。

@03 517/12/24 h1 クエストの達成
秩序なき髑髏 モゼスはクエストを達成し、
13の名声を手にした。

@01 517/12/24 h1 アイテム発見
秩序なき髑髏 モゼスははじまりの孤独の洞
窟にて☆気高き細工首輪『キング・ホープ』
を入手した。

@01 517/12/24 h13 アイテム発見
催眠術師のプラチナ イオログは不帰の砦に
て☆重き重層篭手『響きのシーフ』 (1,1) 
[0,12]を入手した。

@01 517/12/24 h23 アイテム発見
心の狭い邪悪 エイムスは不帰の砦にて☆儚
き長弓『流れ者のプロフェシー』 (2d7-1)(
6)を入手した。

@01 517/12/25 h11 アイテム発見
災いを呼ぶ教官 スヤンはノースティリスに
て☆宵闇を纏いし長弓『ザ・タイム』+3  (
2d7+4)(6)を入手した。

@01 517/12/25 h13 アイテム発見
アディクテッドエオン セサラナはノーステ
ィリスにて☆由緒ある重層腰当『藍の中立』
+4  [2,16]を入手した。

@01 517/12/25 h22 アイテム発見
心の狭い邪悪 エイムスは勇者の孤独の盗賊
の砦にて☆重き手斧『止まらない夫』 (2d8
+1)(2)を入手した。

@03 517/12/26 h8 クエストの達成
レベリアスハイエロファント カザポンドは
クエストを達成し、79の名声を手にした。


@01 517/12/27 h23 アイテム発見
不思議な夢幻 オグネルは安全な洞窟にて☆
艶やかなる防弾服『エーテルブロンズ』+3 
 [8,3]を入手した。

@02 517/12/29 h16 怪我からの復帰
権化の災厄 ルシャックは怪我から回復した。


@01 517/12/29 h16 アイテム発見
槍を振るう盗賊 ダイワードはノースティリ
スにて☆呪われた儚き羽帽子『白に染まるプ
ラチナ』 [7,0]を入手した。

@01 517/12/30 h23 アイテム発見
ボウ・オブ・フィア ログロンドは安全な洞
窟にて☆全てを包む鎧『終焉の戒律』 [7,6
]を入手した。

@03 518/1/2 h5 クエストの達成
冒険者のサッドネス オベームーはクエスト
を達成し、26の名声を手にした。

@01 518/1/2 h23 アイテム発見
不思議な夢幻 オグネルは混沌の森にて☆艶
やかなる棍棒『デスギャンブル』+2  (3d4-
2)(3)を入手した。

@01 518/1/4 h3 アイテム発見
ザ・トゥモロー セソニーは冒険者の憩いの
洞窟にて☆儚き指輪『伝承の復活』+1 を入
手した。

@01 518/1/4 h20 アイテム発見
ハーベスト・ウィッチ ヨーディンは時めき
の洞窟にて☆由緒ある重層篭手『スペクター
・リング』+6  (5,2) [2,18]を入手した。


@01 518/1/12 h9 アイテム発見
心の狭い邪悪 エイムスはノースティリスに
て☆全てを包む短弓『コンドルメイジ』 (3
d5)(16)を入手した。

@01 518/1/14 h13 アイテム発見
犬から逃げる収穫 サイギンはノースティリ
スにて☆重き盾『クォークレベリオン』+1 
 [0,9]を入手した。

@03 518/1/16 h23 クエストの達成
催眠術師のプラチナ イオログはクエストを
達成し、235の名声を手にした。

@01 518/1/18 h20 アイテム発見
ザ・アース ロバフィーはノースティリスに
て☆食用魔法帽『輝きの白虎』+1  [-4,-3]
を入手した。

